<?xml version="1.0" encoding="UTF-8"?>
<!-- Generated by org.testng.reporters.JUnitReportReporter -->
<testsuite hostname="MSI" failures="0" tests="1" name="mar21.Demo" time="5.257" errors="0" timestamp="2024-03-24T20:41:22 IST" skipped="0">
  <testcase classname="mar21.Demo" name="startTest" time="5.257"/>
  <system-out/>
</testsuite> <!-- mar21.Demo -->
