<?xml version="1.0" encoding="UTF-8"?>
<!-- Generated by org.testng.reporters.JUnitReportReporter -->
<testsuite hostname="MSI" failures="0" tests="3" name="mar19.SecondTestNGClass2" time="15.204" errors="0" timestamp="2024-03-24T19:56:38 IST" skipped="0">
  <testcase classname="mar19.SecondTestNGClass2" name="leave" time="5.515"/>
  <system-out>
    <![CDATA[Executing leave test]]>
  </system-out>
  <testcase classname="mar19.SecondTestNGClass2" name="pim" time="5.029"/>
  <system-out>
    <![CDATA[Executing pin test]]>
  </system-out>
  <testcase classname="mar19.SecondTestNGClass2" name="admin" time="4.660"/>
  <system-out>
    <![CDATA[Executing admin test]]>
  </system-out>
</testsuite> <!-- mar19.SecondTestNGClass2 -->
