<?xml version="1.0" encoding="UTF-8"?>
<!-- Generated by org.testng.reporters.JUnitReportReporter -->
<testsuite hostname="MSI" failures="0" tests="12" name="mar20.SecondTestNGClass2" time="72.144" errors="0" timestamp="2024-03-27T16:29:15 IST" skipped="1">
  <testcase classname="mar20.SecondTestNGClass2" name="leave" time="4.159"/>
  <system-out>
    <![CDATA[Executing leave test]]>
  </system-out>
  <testcase classname="mar20.SecondTestNGClass2" name="leave" time="4.692"/>
  <system-out>
    <![CDATA[Executing leave test]]>
  </system-out>
  <testcase classname="mar20.SecondTestNGClass2" name="leave" time="23.532"/>
  <system-out>
    <![CDATA[Executing leave test]]>
  </system-out>
  <testcase classname="mar20.SecondTestNGClass2" name="leave" time="5.632"/>
  <system-out>
    <![CDATA[Executing leave test]]>
  </system-out>
  <testcase classname="mar20.SecondTestNGClass2" name="leave" time="5.280"/>
  <system-out>
    <![CDATA[Executing leave test]]>
  </system-out>
  <testcase classname="mar20.SecondTestNGClass2" name="leave" time="4.622"/>
  <system-out>
    <![CDATA[Executing leave test]]>
  </system-out>
  <testcase classname="mar20.SecondTestNGClass2" name="leave" time="5.236"/>
  <system-out>
    <![CDATA[Executing leave test]]>
  </system-out>
  <testcase classname="mar20.SecondTestNGClass2" name="leave" time="4.323"/>
  <system-out>
    <![CDATA[Executing leave test]]>
  </system-out>
  <testcase classname="mar20.SecondTestNGClass2" name="leave" time="4.443"/>
  <system-out>
    <![CDATA[Executing leave test]]>
  </system-out>
  <testcase classname="mar20.SecondTestNGClass2" name="leave" time="5.379"/>
  <system-out>
    <![CDATA[Executing leave test]]>
  </system-out>
  <testcase classname="mar20.SecondTestNGClass2" name="admin" time="4.846"/>
  <system-out>
    <![CDATA[Executing admin test]]>
  </system-out>
  <testcase classname="mar20.SecondTestNGClass2" name="pim">
    <skipped/>
  </testcase> <!-- pim -->
  <system-out/>
</testsuite> <!-- mar20.SecondTestNGClass2 -->
