<?xml version="1.0" encoding="UTF-8"?>
<!-- Generated by org.testng.reporters.JUnitReportReporter -->
<testsuite hostname="MSI" failures="0" tests="3" name="mar19.SecondTestNGClass" time="11.514" errors="0" timestamp="2024-03-24T19:56:38 IST" skipped="0">
  <testcase classname="mar19.SecondTestNGClass" name="mul" time="4.038"/>
  <system-out>
    <![CDATA[Executing Multiplication:: 56]]>
  </system-out>
  <testcase classname="mar19.SecondTestNGClass" name="add" time="4.161"/>
  <system-out>
    <![CDATA[Executing Addition:: 15]]>
  </system-out>
  <testcase classname="mar19.SecondTestNGClass" name="div" time="3.315"/>
  <system-out>
    <![CDATA[Executing Division:: 4]]>
  </system-out>
</testsuite> <!-- mar19.SecondTestNGClass -->
