<?xml version="1.0" encoding="UTF-8"?>
<!-- Generated by org.testng.reporters.JUnitReportReporter -->
<testsuite hostname="MSI" failures="0" tests="5" name="mar22.Using_DataProvider" time="17.857" errors="0" timestamp="2024-03-25T18:59:57 IST" skipped="0">
  <testcase classname="mar22.Using_DataProvider" name="startTest" time="3.177"/>
  <system-out>
    <![CDATA[Login Success::dashboard    http://orangehrm.qedgetech.com/symfony/web/index.php/dashboard]]>
  </system-out>
  <testcase classname="mar22.Using_DataProvider" name="startTest" time="3.625"/>
  <system-out>
    <![CDATA[Login Fail::dashboard    http://orangehrm.qedgetech.com/symfony/web/index.php/auth/validateCredentials]]>
  </system-out>
  <testcase classname="mar22.Using_DataProvider" name="startTest" time="2.599"/>
  <system-out>
    <![CDATA[Login Fail::dashboard    http://orangehrm.qedgetech.com/symfony/web/index.php/auth/validateCredentials]]>
  </system-out>
  <testcase classname="mar22.Using_DataProvider" name="startTest" time="2.621"/>
  <system-out>
    <![CDATA[Login Fail::dashboard    http://orangehrm.qedgetech.com/symfony/web/index.php/auth/validateCredentials]]>
  </system-out>
  <testcase classname="mar22.Using_DataProvider" name="startTest" time="5.835"/>
  <system-out>
    <![CDATA[Login Success::dashboard    http://orangehrm.qedgetech.com/symfony/web/index.php/dashboard]]>
  </system-out>
</testsuite> <!-- mar22.Using_DataProvider -->
